<?xml version="1.0" encoding="UTF-8"?>
<!-- Generated by org.testng.reporters.JUnitReportReporter -->
<testsuite hostname="LAPTOP-IOP631EF" failures="0" tests="1" name="com.peppaiApp.PurchaseProductTest" time="48.234" errors="0" timestamp="2023-10-06T15:15:10 IST" skipped="0">
  <testcase classname="com.peppaiApp.PurchaseProductTest" name="purchaseProduct" time="48.234"/>
</testsuite> <!-- com.peppaiApp.PurchaseProductTest -->
